# JRE version: Java(TM) SE Runtime Environment (8.0_144-b01) (build 1.8.0_144-b01)
# Java VM: Java HotSpot(TM) 64-Bit Server VM (25.144-b01 mixed mode windows-amd64 compressed oops)
Heap:
 PSYoungGen      total 82944K, used 60952K [0x00000000e0000000, 0x00000000e8400000, 0x0000000100000000)
  eden space 78848K, 72% used [0x00000000e0000000,0x00000000e37ca220,0x00000000e4d00000)
  from space 4096K, 93% used [0x00000000e4e80000,0x00000000e523c010,0x00000000e5280000)
  to   space 28160K, 0% used [0x00000000e6880000,0x00000000e6880000,0x00000000e8400000)
 ParOldGen       total 168448K, used 54244K [0x00000000a0000000, 0x00000000aa480000, 0x00000000e0000000)
  object space 168448K, 32% used [0x00000000a0000000,0x00000000a34f9250,0x00000000aa480000)
 Metaspace       used 95013K, capacity 104116K, committed 104360K, reserved 1138688K
  class space    used 11869K, capacity 14211K, committed 14256K, reserved 1048576K
GC Heap History (10 events):
Event: 9147.959 GC heap before
{Heap before GC invocations=104 (full 5):
 PSYoungGen      total 115200K, used 94597K [0x00000000e0000000, 0x00000000e9080000, 0x0000000100000000)
  eden space 88576K, 100% used [0x00000000e0000000,0x00000000e5680000,0x00000000e5680000)
  from space 26624K, 22% used [0x00000000e7680000,0x00000000e7c61780,0x00000000e9080000)
  to   space 29696K, 0% used [0x00000000e5680000,0x00000000e5680000,0x00000000e7380000)
 ParOldGen       total 168448K, used 53546K [0x00000000a0000000, 0x00000000aa480000, 0x00000000e0000000)
  object space 168448K, 31% used [0x00000000a0000000,0x00000000a344a850,0x00000000aa480000)
 Metaspace       used 93891K, capacity 102866K, committed 103208K, reserved 1138688K
  class space    used 11758K, capacity 14026K, committed 14128K, reserved 1048576K
Event: 9147.966 GC heap after
Heap after GC invocations=104 (full 5):
 PSYoungGen      total 91648K, used 4800K [0x00000000e0000000, 0x00000000e8c80000, 0x0000000100000000)
  eden space 86528K, 0% used [0x00000000e0000000,0x00000000e0000000,0x00000000e5480000)
  from space 5120K, 93% used [0x00000000e5680000,0x00000000e5b30020,0x00000000e5b80000)
  to   space 28672K, 0% used [0x00000000e7080000,0x00000000e7080000,0x00000000e8c80000)
 ParOldGen       total 168448K, used 53701K [0x00000000a0000000, 0x00000000aa480000, 0x00000000e0000000)
  object space 168448K, 31% used [0x00000000a0000000,0x00000000a3471650,0x00000000aa480000)
 Metaspace       used 93891K, capacity 102866K, committed 103208K, reserved 1138688K
  class space    used 11758K, capacity 14026K, committed 14128K, reserved 1048576K
}
Event: 9150.120 GC heap before
{Heap before GC invocations=105 (full 5):
 PSYoungGen      total 91648K, used 91314K [0x00000000e0000000, 0x00000000e8c80000, 0x0000000100000000)
  eden space 86528K, 99% used [0x00000000e0000000,0x00000000e547c810,0x00000000e5480000)
  from space 5120K, 93% used [0x00000000e5680000,0x00000000e5b30020,0x00000000e5b80000)
  to   space 28672K, 0% used [0x00000000e7080000,0x00000000e7080000,0x00000000e8c80000)
 ParOldGen       total 168448K, used 53701K [0x00000000a0000000, 0x00000000aa480000, 0x00000000e0000000)
  object space 168448K, 31% used [0x00000000a0000000,0x00000000a3471650,0x00000000aa480000)
 Metaspace       used 94763K, capacity 103812K, committed 104104K, reserved 1138688K
  class space    used 11847K, capacity 14131K, committed 14256K, reserved 1048576K
Event: 9150.140 GC heap after
Heap after GC invocations=105 (full 5):
 PSYoungGen      total 112128K, used 22748K [0x00000000e0000000, 0x00000000e9100000, 0x0000000100000000)
  eden space 83456K, 0% used [0x00000000e0000000,0x00000000e0000000,0x00000000e5180000)
  from space 28672K, 79% used [0x00000000e7080000,0x00000000e86b7388,0x00000000e8c80000)
  to   space 31744K, 0% used [0x00000000e5180000,0x00000000e5180000,0x00000000e7080000)
 ParOldGen       total 168448K, used 53837K [0x00000000a0000000, 0x00000000aa480000, 0x00000000e0000000)
  object space 168448K, 31% used [0x00000000a0000000,0x00000000a3493650,0x00000000aa480000)
 Metaspace       used 94763K, capacity 103812K, committed 104104K, reserved 1138688K
  class space    used 11847K, capacity 14131K, committed 14256K, reserved 1048576K
}
Event: 9153.795 GC heap before
{Heap before GC invocations=106 (full 5):
 PSYoungGen      total 112128K, used 106204K [0x00000000e0000000, 0x00000000e9100000, 0x0000000100000000)
  eden space 83456K, 100% used [0x00000000e0000000,0x00000000e5180000,0x00000000e5180000)
  from space 28672K, 79% used [0x00000000e7080000,0x00000000e86b7388,0x00000000e8c80000)
  to   space 31744K, 0% used [0x00000000e5180000,0x00000000e5180000,0x00000000e7080000)
 ParOldGen       total 168448K, used 53837K [0x00000000a0000000, 0x00000000aa480000, 0x00000000e0000000)
  object space 168448K, 31% used [0x00000000a0000000,0x00000000a3493650,0x00000000aa480000)
 Metaspace       used 94828K, capacity 103876K, committed 104104K, reserved 1138688K
  class space    used 11847K, capacity 14131K, committed 14256K, reserved 1048576K
Event: 9153.808 GC heap after
Heap after GC invocations=106 (full 5):
 PSYoungGen      total 90112K, used 7992K [0x00000000e0000000, 0x00000000e8b00000, 0x0000000100000000)
  eden space 81920K, 0% used [0x00000000e0000000,0x00000000e0000000,0x00000000e5000000)
  from space 8192K, 97% used [0x00000000e5180000,0x00000000e594e0b0,0x00000000e5980000)
  to   space 30208K, 0% used [0x00000000e6d80000,0x00000000e6d80000,0x00000000e8b00000)
 ParOldGen       total 168448K, used 53969K [0x00000000a0000000, 0x00000000aa480000, 0x00000000e0000000)
  object space 168448K, 32% used [0x00000000a0000000,0x00000000a34b4450,0x00000000aa480000)
 Metaspace       used 94828K, capacity 103876K, committed 104104K, reserved 1138688K
  class space    used 11847K, capacity 14131K, committed 14256K, reserved 1048576K
}
Event: 9199.429 GC heap before
{Heap before GC invocations=107 (full 5):
 PSYoungGen      total 90112K, used 89912K [0x00000000e0000000, 0x00000000e8b00000, 0x0000000100000000)
  eden space 81920K, 100% used [0x00000000e0000000,0x00000000e5000000,0x00000000e5000000)
  from space 8192K, 97% used [0x00000000e5180000,0x00000000e594e0b0,0x00000000e5980000)
  to   space 30208K, 0% used [0x00000000e6d80000,0x00000000e6d80000,0x00000000e8b00000)
 ParOldGen       total 168448K, used 53969K [0x00000000a0000000, 0x00000000aa480000, 0x00000000e0000000)
  object space 168448K, 32% used [0x00000000a0000000,0x00000000a34b4450,0x00000000aa480000)
 Metaspace       used 94918K, capacity 103996K, committed 104104K, reserved 1138688K
  class space    used 11858K, capacity 14171K, committed 14256K, reserved 1048576K
Event: 9199.436 GC heap after
Heap after GC invocations=107 (full 5):
 PSYoungGen      total 107008K, used 5179K [0x00000000e0000000, 0x00000000e8780000, 0x0000000100000000)
  eden space 80384K, 0% used [0x00000000e0000000,0x00000000e0000000,0x00000000e4e80000)
  from space 26624K, 19% used [0x00000000e6d80000,0x00000000e728ef68,0x00000000e8780000)
  to   space 29184K, 0% used [0x00000000e4e80000,0x00000000e4e80000,0x00000000e6b00000)
 ParOldGen       total 168448K, used 54105K [0x00000000a0000000, 0x00000000aa480000, 0x00000000e0000000)
  object space 168448K, 32% used [0x00000000a0000000,0x00000000a34d6450,0x00000000aa480000)
 Metaspace       used 94918K, capacity 103996K, committed 104104K, reserved 1138688K
  class space    used 11858K, capacity 14171K, committed 14256K, reserved 1048576K
}
Event: 13465.556 GC heap before
{Heap before GC invocations=108 (full 5):
 PSYoungGen      total 107008K, used 85563K [0x00000000e0000000, 0x00000000e8780000, 0x0000000100000000)
  eden space 80384K, 100% used [0x00000000e0000000,0x00000000e4e80000,0x00000000e4e80000)
  from space 26624K, 19% used [0x00000000e6d80000,0x00000000e728ef68,0x00000000e8780000)
  to   space 29184K, 0% used [0x00000000e4e80000,0x00000000e4e80000,0x00000000e6b00000)
 ParOldGen       total 168448K, used 54105K [0x00000000a0000000, 0x00000000aa480000, 0x00000000e0000000)
  object space 168448K, 32% used [0x00000000a0000000,0x00000000a34d6450,0x00000000aa480000)
 Metaspace       used 94973K, capacity 104020K, committed 104104K, reserved 1138688K
  class space    used 11865K, capacity 14179K, committed 14256K, reserved 1048576K
Event: 13465.602 GC heap after
Heap after GC invocations=108 (full 5):
 PSYoungGen      total 82944K, used 3824K [0x00000000e0000000, 0x00000000e8400000, 0x0000000100000000)
  eden space 78848K, 0% used [0x00000000e0000000,0x00000000e0000000,0x00000000e4d00000)
  from space 4096K, 93% used [0x00000000e4e80000,0x00000000e523c010,0x00000000e5280000)
  to   space 28160K, 0% used [0x00000000e6880000,0x00000000e6880000,0x00000000e8400000)
 ParOldGen       total 168448K, used 54244K [0x00000000a0000000, 0x00000000aa480000, 0x00000000e0000000)
  object space 168448K, 32% used [0x00000000a0000000,0x00000000a34f9250,0x00000000aa480000)
 Metaspace       used 94973K, capacity 104020K, committed 104104K, reserved 1138688K
  class space    used 11865K, capacity 14179K, committed 14256K, reserved 1048576K
}

